<?xml version="1.0" encoding="UTF-8"?>
<!-- Generated by org.testng.reporters.JUnitReportReporter -->
<testsuite skipped="0" hostname="neelesh-PC" name="com.actitime.scripts.LoginTest" tests="1" failures="0" timestamp="2020-01-12T09:25:39 IST" time="35.132" errors="0">
  <testcase name="login" time="35.132" classname="com.actitime.scripts.LoginTest"/>
</testsuite> <!-- com.actitime.scripts.LoginTest -->
